<?xml version="1.0" encoding="UTF-8"?>
<!-- Generated by org.testng.reporters.JUnitReportReporter -->
<testsuite hostname="pitambar-Vostro-15-3568" failures="0" tests="1" name="TestCases.LoginTestCase" time="14.228" errors="0" timestamp="2023-08-24T17:41:06 IST" skipped="0">
  <testcase classname="TestCases.LoginTestCase" name="Login" time="14.228"/>
</testsuite> <!-- TestCases.LoginTestCase -->
