<?xml version="1.0" encoding="UTF-8"?>
<!-- Generated by org.testng.reporters.JUnitReportReporter -->
<testsuite hostname="pitambar-Vostro-15-3568" failures="0" tests="1" name="TestCases.LoginTestCase" time="7.839" errors="0" timestamp="2023-08-03T21:44:22 IST" skipped="0">
  <testcase classname="TestCases.LoginTestCase" name="Login" time="7.839"/>
</testsuite> <!-- TestCases.LoginTestCase -->
