<?xml version="1.0" encoding="UTF-8"?>
<!-- Generated by org.testng.reporters.JUnitReportReporter -->
<testsuite hostname="pitambar-Vostro-15-3568" failures="0" tests="1" name="TestCases.RegisterTestCase" time="17.757" errors="0" timestamp="2023-08-24T17:41:06 IST" skipped="0">
  <testcase classname="TestCases.RegisterTestCase" name="verifyRegister" time="17.757"/>
</testsuite> <!-- TestCases.RegisterTestCase -->
