<?xml version="1.0" encoding="UTF-8"?>
<!-- Generated by org.testng.reporters.JUnitReportReporter -->
<testsuite hostname="pitambar-Vostro-15-3568" failures="0" tests="1" name="TestCases.SearchTestCase" time="21.787" errors="0" timestamp="2023-08-24T17:41:06 IST" skipped="0">
  <testcase classname="TestCases.SearchTestCase" name="Search" time="21.787"/>
</testsuite> <!-- TestCases.SearchTestCase -->
